<?xml version="1.0" encoding="UTF-8"?>
<testng-results skipped="0" failed="0" ignored="0" total="1" passed="1">
  <reporter-output>
  </reporter-output>
  <suite name="Facebook" duration-ms="13993" started-at="2017-09-16T16:48:51Z" finished-at="2017-09-16T16:49:05Z">
    <groups>
    </groups>
    <test name="Facebook Features" duration-ms="13993" started-at="2017-09-16T16:48:51Z" finished-at="2017-09-16T16:49:05Z">
      <class name="testcases.TestHomePage">
        <test-method status="PASS" signature="setUp(boolean, java.lang.String, java.lang.String, java.lang.String, java.lang.String, java.lang.String, java.lang.String)[pri:0, instance:testcases.TestHomePage@67b6d4ae]" name="setUp" is-config="true" duration-ms="8609" started-at="2017-09-16T12:48:51Z" finished-at="2017-09-16T12:48:59Z">
          <params>
            <param index="0">
              <value>
                <![CDATA[false]]>
              </value>
            </param>
            <param index="1">
              <value>
                <![CDATA[browserstack]]>
              </value>
            </param>
            <param index="2">
              <value>
                <![CDATA[Mac]]>
              </value>
            </param>
            <param index="3">
              <value>
                <![CDATA[Sierra]]>
              </value>
            </param>
            <param index="4">
              <value>
                <![CDATA[firefox]]>
              </value>
            </param>
            <param index="5">
              <value>
                <![CDATA[53.0]]>
              </value>
            </param>
            <param index="6">
              <value>
                <![CDATA[http://facebook.com]]>
              </value>
            </param>
          </params>
          <reporter-output>
          </reporter-output>
        </test-method> <!-- setUp -->
        <test-method status="PASS" signature="testValidLoginFB()[pri:0, instance:testcases.TestHomePage@67b6d4ae]" name="testValidLoginFB" duration-ms="5235" started-at="2017-09-16T12:48:59Z" finished-at="2017-09-16T12:49:04Z">
          <reporter-output>
          </reporter-output>
        </test-method> <!-- testValidLoginFB -->
        <test-method status="PASS" signature="tearDown()[pri:0, instance:testcases.TestHomePage@67b6d4ae]" name="tearDown" is-config="true" duration-ms="114" started-at="2017-09-16T12:49:04Z" finished-at="2017-09-16T12:49:05Z">
          <reporter-output>
          </reporter-output>
        </test-method> <!-- tearDown -->
      </class> <!-- testcases.TestHomePage -->
    </test> <!-- Facebook Features -->
  </suite> <!-- Facebook -->
</testng-results>
